<?xml version="1.0" encoding="UTF-8"?>
<!-- Generated by org.testng.reporters.JUnitReportReporter -->
<testsuite skipped="0" hostname="qaplanet-PC" name="MaveanGI.MavenAI.SikuliTest" tests="1" failures="0" timestamp="07 Mar 2020 06:07:39 GMT" time="0.001" errors="0">
  <testcase name="f" time="0.001" classname="MaveanGI.MavenAI.SikuliTest"/>
</testsuite> <!-- MaveanGI.MavenAI.SikuliTest -->
