<?xml version="1.0" encoding="UTF-8"?>
<!-- Generated by org.testng.reporters.JUnitReportReporter -->
<testsuite skipped="0" hostname="qaplanet-PC" name="MaveanGI.MavenAI.LoginTest" tests="1" failures="0" timestamp="07 Mar 2020 06:07:39 GMT" time="16.432" errors="0">
  <testcase name="TC21" time="16.432" classname="MaveanGI.MavenAI.LoginTest"/>
</testsuite> <!-- MaveanGI.MavenAI.LoginTest -->
