<?xml version="1.0" encoding="UTF-8"?>
<!-- Generated by org.testng.reporters.JUnitReportReporter -->
<testsuite skipped="0" hostname="qaplanet-PC" name="MaveanGI.MavenAI.SikuliTest" tests="1" failures="0" timestamp="21 Dec 2019 11:30:54 GMT" time="0.002" errors="0">
  <testcase name="f" time="0.002" classname="MaveanGI.MavenAI.SikuliTest"/>
</testsuite> <!-- MaveanGI.MavenAI.SikuliTest -->
