<?xml version="1.0" encoding="UTF-8"?>
<!-- Generated by org.testng.reporters.JUnitReportReporter -->
<testsuite skipped="0" hostname="qaplanet-PC" name="MaveanGI.MavenAI.Login_TC2Test" tests="1" failures="0" timestamp="07 Mar 2020 06:07:39 GMT" time="15.052" errors="0">
  <testcase name="TC2" time="15.052" classname="MaveanGI.MavenAI.Login_TC2Test"/>
</testsuite> <!-- MaveanGI.MavenAI.Login_TC2Test -->
