<?xml version="1.0" encoding="UTF-8"?>
<!-- Generated by org.testng.reporters.JUnitReportReporter -->
<testsuite skipped="0" hostname="qaplanet-PC" name="MaveanGI.MavenAI.LoginTest" tests="1" failures="0" timestamp="21 Dec 2019 11:30:54 GMT" time="13.445" errors="0">
  <testcase name="TC21" time="13.445" classname="MaveanGI.MavenAI.LoginTest"/>
</testsuite> <!-- MaveanGI.MavenAI.LoginTest -->
