<?xml version="1.0" encoding="UTF-8"?>
<!-- Generated by org.testng.reporters.JUnitReportReporter -->
<testsuite skipped="0" hostname="qaplanet-PC" name="datadriven.Datadrv" tests="4" failures="0" timestamp="05 Mar 2020 06:43:36 GMT" time="110.007" errors="0">
  <testcase name="TC1" time="8.571" classname="datadriven.Datadrv"/>
  <testcase name="TC1" time="27.021" classname="datadriven.Datadrv"/>
  <testcase name="TC1" time="34.593" classname="datadriven.Datadrv"/>
  <testcase name="TC1" time="39.822" classname="datadriven.Datadrv"/>
</testsuite> <!-- datadriven.Datadrv -->
