<?xml version="1.0" encoding="UTF-8"?>
<!-- Generated by org.testng.reporters.JUnitReportReporter -->
<testsuite skipped="0" hostname="qaplanet-PC" name="sadarpom.Pomrun" tests="1" failures="0" timestamp="07 Feb 2020 05:01:14 GMT" time="35.645" errors="0">
  <testcase name="tc222" time="35.645" classname="sadarpom.Pomrun"/>
</testsuite> <!-- sadarpom.Pomrun -->
