<?xml version="1.0" encoding="UTF-8"?>
<!-- Generated by org.testng.reporters.JUnitReportReporter -->
<testsuite skipped="0" hostname="qaplanet-PC" name="datadriven.Datadrv" tests="4" failures="0" timestamp="10 Jan 2020 07:11:19 GMT" time="51.956" errors="0">
  <testcase name="TC1" time="14.651" classname="datadriven.Datadrv"/>
  <testcase name="TC1" time="11.576" classname="datadriven.Datadrv"/>
  <testcase name="TC1" time="14.220" classname="datadriven.Datadrv"/>
  <testcase name="TC1" time="11.509" classname="datadriven.Datadrv"/>
</testsuite> <!-- datadriven.Datadrv -->
