<?xml version="1.0" encoding="UTF-8"?>
<!-- Generated by org.testng.reporters.JUnitReportReporter -->
<testsuite skipped="0" hostname="qaplanet-PC" name="sadarpom.Pomrun" tests="1" failures="0" timestamp="10 Jan 2020 07:51:06 GMT" time="9.164" errors="0">
  <testcase name="tc222" time="9.164" classname="sadarpom.Pomrun"/>
</testsuite> <!-- sadarpom.Pomrun -->
