<?xml version="1.0" encoding="UTF-8"?>
<!-- Generated by org.testng.reporters.JUnitReportReporter -->
<testsuite skipped="0" hostname="qaplanet-PC" name="testBase.ExecuteTests" tests="1" failures="0" timestamp="13 Mar 2020 04:21:54 GMT" time="167.258" errors="0">
  <testcase name="login" time="167.258" classname="testBase.ExecuteTests"/>
</testsuite> <!-- testBase.ExecuteTests -->
